{"C:\\Users\\Gopal\\Downloads\\BRAND\\server\\clusterer.js": {"path":"C:\\Users\\Gopal\\Downloads\\BRAND\\server\\clusterer.js","statementMap":{"0":{"start":{"line":1,"column":11},"end":{"line":1,"column":26}},"1":{"start":{"line":2,"column":12},"end":{"line":2,"column":28}},"2":{"start":{"line":3,"column":15},"end":{"line":3,"column":35}},"3":{"start":{"line":7,"column":4},"end":{"line":7,"column":25}},"4":{"start":{"line":8,"column":4},"end":{"line":8,"column":38}},"5":{"start":{"line":9,"column":4},"end":{"line":9,"column":39}},"6":{"start":{"line":10,"column":4},"end":{"line":10,"column":20}},"7":{"start":{"line":15,"column":17},"end":{"line":15,"column":121}},"8":{"start":{"line":16,"column":4},"end":{"line":16,"column":52}},"9":{"start":{"line":16,"column":45},"end":{"line":16,"column":52}},"10":{"start":{"line":19,"column":17},"end":{"line":22,"column":6}},"11":{"start":{"line":20,"column":18},"end":{"line":20,"column":56}},"12":{"start":{"line":21,"column":6},"end":{"line":21,"column":38}},"13":{"start":{"line":25,"column":21},"end":{"line":25,"column":30}},"14":{"start":{"line":26,"column":4},"end":{"line":30,"column":7}},"15":{"start":{"line":27,"column":6},"end":{"line":29,"column":9}},"16":{"start":{"line":28,"column":8},"end":{"line":28,"column":61}},"17":{"start":{"line":28,"column":30},"end":{"line":28,"column":61}},"18":{"start":{"line":31,"column":18},"end":{"line":31,"column":45}},"19":{"start":{"line":32,"column":4},"end":{"line":32,"column":35}},"20":{"start":{"line":32,"column":28},"end":{"line":32,"column":35}},"21":{"start":{"line":35,"column":20},"end":{"line":42,"column":6}},"22":{"start":{"line":36,"column":18},"end":{"line":36,"column":49}},"23":{"start":{"line":37,"column":6},"end":{"line":40,"column":9}},"24":{"start":{"line":38,"column":18},"end":{"line":38,"column":33}},"25":{"start":{"line":39,"column":8},"end":{"line":39,"column":41}},"26":{"start":{"line":39,"column":29},"end":{"line":39,"column":41}},"27":{"start":{"line":41,"column":6},"end":{"line":41,"column":17}},"28":{"start":{"line":45,"column":14},"end":{"line":45,"column":46}},"29":{"start":{"line":47,"column":4},"end":{"line":52,"column":5}},"30":{"start":{"line":48,"column":6},"end":{"line":48,"column":31}},"31":{"start":{"line":50,"column":6},"end":{"line":50,"column":76}},"32":{"start":{"line":51,"column":6},"end":{"line":51,"column":13}},"33":{"start":{"line":55,"column":21},"end":{"line":55,"column":33}},"34":{"start":{"line":56,"column":22},"end":{"line":56,"column":57}},"35":{"start":{"line":58,"column":25},"end":{"line":58,"column":27}},"36":{"start":{"line":59,"column":4},"end":{"line":71,"column":5}},"37":{"start":{"line":59,"column":18},"end":{"line":59,"column":19}},"38":{"start":{"line":61,"column":26},"end":{"line":61,"column":39}},"39":{"start":{"line":62,"column":23},"end":{"line":62,"column":133}},"40":{"start":{"line":63,"column":6},"end":{"line":63,"column":57}},"41":{"start":{"line":63,"column":23},"end":{"line":63,"column":45}},"42":{"start":{"line":63,"column":46},"end":{"line":63,"column":55}},"43":{"start":{"line":65,"column":19},"end":{"line":69,"column":21}},"44":{"start":{"line":66,"column":20},"end":{"line":66,"column":25}},"45":{"start":{"line":67,"column":21},"end":{"line":67,"column":30}},"46":{"start":{"line":69,"column":16},"end":{"line":69,"column":20}},"47":{"start":{"line":70,"column":6},"end":{"line":70,"column":65}},"48":{"start":{"line":70,"column":39},"end":{"line":70,"column":47}},"49":{"start":{"line":74,"column":4},"end":{"line":83,"column":5}},"50":{"start":{"line":74,"column":17},"end":{"line":74,"column":18}},"51":{"start":{"line":75,"column":18},"end":{"line":75,"column":25}},"52":{"start":{"line":76,"column":18},"end":{"line":76,"column":29}},"53":{"start":{"line":77,"column":20},"end":{"line":77,"column":73}},"54":{"start":{"line":78,"column":6},"end":{"line":82,"column":7}},"55":{"start":{"line":79,"column":8},"end":{"line":79,"column":113}},"56":{"start":{"line":85,"column":4},"end":{"line":85,"column":94}},"57":{"start":{"line":89,"column":0},"end":{"line":89,"column":27}}},"fnMap":{"0":{"name":"(anonymous_0)","decl":{"start":{"line":6,"column":2},"end":{"line":6,"column":3}},"loc":{"start":{"line":6,"column":24},"end":{"line":11,"column":3}},"line":6},"1":{"name":"(anonymous_1)","decl":{"start":{"line":13,"column":2},"end":{"line":13,"column":3}},"loc":{"start":{"line":13,"column":14},"end":{"line":86,"column":3}},"line":13},"2":{"name":"(anonymous_2)","decl":{"start":{"line":19,"column":26},"end":{"line":19,"column":27}},"loc":{"start":{"line":19,"column":31},"end":{"line":22,"column":5}},"line":19},"3":{"name":"(anonymous_3)","decl":{"start":{"line":26,"column":17},"end":{"line":26,"column":18}},"loc":{"start":{"line":26,"column":27},"end":{"line":30,"column":5}},"line":26},"4":{"name":"(anonymous_4)","decl":{"start":{"line":27,"column":21},"end":{"line":27,"column":22}},"loc":{"start":{"line":27,"column":26},"end":{"line":29,"column":7}},"line":27},"5":{"name":"(anonymous_5)","decl":{"start":{"line":35,"column":29},"end":{"line":35,"column":30}},"loc":{"start":{"line":35,"column":39},"end":{"line":42,"column":5}},"line":35},"6":{"name":"(anonymous_6)","decl":{"start":{"line":37,"column":21},"end":{"line":37,"column":22}},"loc":{"start":{"line":37,"column":26},"end":{"line":40,"column":7}},"line":37},"7":{"name":"(anonymous_7)","decl":{"start":{"line":66,"column":13},"end":{"line":66,"column":14}},"loc":{"start":{"line":66,"column":20},"end":{"line":66,"column":25}},"line":66},"8":{"name":"(anonymous_8)","decl":{"start":{"line":67,"column":14},"end":{"line":67,"column":15}},"loc":{"start":{"line":67,"column":21},"end":{"line":67,"column":30}},"line":67},"9":{"name":"(anonymous_9)","decl":{"start":{"line":69,"column":13},"end":{"line":69,"column":14}},"loc":{"start":{"line":69,"column":16},"end":{"line":69,"column":20}},"line":69},"10":{"name":"(anonymous_10)","decl":{"start":{"line":70,"column":34},"end":{"line":70,"column":35}},"loc":{"start":{"line":70,"column":39},"end":{"line":70,"column":47}},"line":70}},"branchMap":{"0":{"loc":{"start":{"line":6,"column":14},"end":{"line":6,"column":23}},"type":"default-arg","locations":[{"start":{"line":6,"column":21},"end":{"line":6,"column":23}}],"line":6},"1":{"loc":{"start":{"line":7,"column":13},"end":{"line":7,"column":24}},"type":"binary-expr","locations":[{"start":{"line":7,"column":13},"end":{"line":7,"column":19}},{"start":{"line":7,"column":23},"end":{"line":7,"column":24}}],"line":7},"2":{"loc":{"start":{"line":8,"column":19},"end":{"line":8,"column":37}},"type":"binary-expr","locations":[{"start":{"line":8,"column":19},"end":{"line":8,"column":31}},{"start":{"line":8,"column":35},"end":{"line":8,"column":37}}],"line":8},"3":{"loc":{"start":{"line":9,"column":19},"end":{"line":9,"column":38}},"type":"binary-expr","locations":[{"start":{"line":9,"column":19},"end":{"line":9,"column":31}},{"start":{"line":9,"column":35},"end":{"line":9,"column":38}}],"line":9},"4":{"loc":{"start":{"line":16,"column":4},"end":{"line":16,"column":52}},"type":"if","locations":[{"start":{"line":16,"column":4},"end":{"line":16,"column":52}},{"start":{},"end":{}}],"line":16},"5":{"loc":{"start":{"line":16,"column":8},"end":{"line":16,"column":43}},"type":"binary-expr","locations":[{"start":{"line":16,"column":8},"end":{"line":16,"column":13}},{"start":{"line":16,"column":17},"end":{"line":16,"column":43}}],"line":16},"6":{"loc":{"start":{"line":20,"column":21},"end":{"line":20,"column":34}},"type":"binary-expr","locations":[{"start":{"line":20,"column":21},"end":{"line":20,"column":28}},{"start":{"line":20,"column":32},"end":{"line":20,"column":34}}],"line":20},"7":{"loc":{"start":{"line":20,"column":39},"end":{"line":20,"column":54}},"type":"binary-expr","locations":[{"start":{"line":20,"column":39},"end":{"line":20,"column":48}},{"start":{"line":20,"column":52},"end":{"line":20,"column":54}}],"line":20},"8":{"loc":{"start":{"line":28,"column":8},"end":{"line":28,"column":61}},"type":"if","locations":[{"start":{"line":28,"column":8},"end":{"line":28,"column":61}},{"start":{},"end":{}}],"line":28},"9":{"loc":{"start":{"line":32,"column":4},"end":{"line":32,"column":35}},"type":"if","locations":[{"start":{"line":32,"column":4},"end":{"line":32,"column":35}},{"start":{},"end":{}}],"line":32},"10":{"loc":{"start":{"line":39,"column":8},"end":{"line":39,"column":41}},"type":"if","locations":[{"start":{"line":39,"column":8},"end":{"line":39,"column":41}},{"start":{},"end":{}}],"line":39},"11":{"loc":{"start":{"line":50,"column":36},"end":{"line":50,"column":74}},"type":"cond-expr","locations":[{"start":{"line":50,"column":57},"end":{"line":50,"column":68}},{"start":{"line":50,"column":71},"end":{"line":50,"column":74}}],"line":50},"12":{"loc":{"start":{"line":50,"column":36},"end":{"line":50,"column":54}},"type":"binary-expr","locations":[{"start":{"line":50,"column":36},"end":{"line":50,"column":39}},{"start":{"line":50,"column":43},"end":{"line":50,"column":54}}],"line":50},"13":{"loc":{"start":{"line":56,"column":22},"end":{"line":56,"column":57}},"type":"binary-expr","locations":[{"start":{"line":56,"column":22},"end":{"line":56,"column":35}},{"start":{"line":56,"column":39},"end":{"line":56,"column":51}},{"start":{"line":56,"column":55},"end":{"line":56,"column":57}}],"line":56},"14":{"loc":{"start":{"line":62,"column":23},"end":{"line":62,"column":133}},"type":"cond-expr","locations":[{"start":{"line":62,"column":52},"end":{"line":62,"column":63}},{"start":{"line":62,"column":66},"end":{"line":62,"column":133}}],"line":62},"15":{"loc":{"start":{"line":62,"column":66},"end":{"line":62,"column":133}},"type":"cond-expr","locations":[{"start":{"line":62,"column":106},"end":{"line":62,"column":126}},{"start":{"line":62,"column":129},"end":{"line":62,"column":133}}],"line":62},"16":{"loc":{"start":{"line":62,"column":67},"end":{"line":62,"column":102}},"type":"binary-expr","locations":[{"start":{"line":62,"column":67},"end":{"line":62,"column":78}},{"start":{"line":62,"column":82},"end":{"line":62,"column":102}}],"line":62},"17":{"loc":{"start":{"line":63,"column":6},"end":{"line":63,"column":57}},"type":"if","locations":[{"start":{"line":63,"column":6},"end":{"line":63,"column":57}},{"start":{},"end":{}}],"line":63},"18":{"loc":{"start":{"line":77,"column":20},"end":{"line":77,"column":73}},"type":"cond-expr","locations":[{"start":{"line":77,"column":40},"end":{"line":77,"column":68}},{"start":{"line":77,"column":71},"end":{"line":77,"column":73}}],"line":77}},"s":{"0":0,"1":0,"2":0,"3":0,"4":0,"5":0,"6":0,"7":0,"8":0,"9":0,"10":0,"11":0,"12":0,"13":0,"14":0,"15":0,"16":0,"17":0,"18":0,"19":0,"20":0,"21":0,"22":0,"23":0,"24":0,"25":0,"26":0,"27":0,"28":0,"29":0,"30":0,"31":0,"32":0,"33":0,"34":0,"35":0,"36":0,"37":0,"38":0,"39":0,"40":0,"41":0,"42":0,"43":0,"44":0,"45":0,"46":0,"47":0,"48":0,"49":0,"50":0,"51":0,"52":0,"53":0,"54":0,"55":0,"56":0,"57":0},"f":{"0":0,"1":0,"2":0,"3":0,"4":0,"5":0,"6":0,"7":0,"8":0,"9":0,"10":0},"b":{"0":[0],"1":[0,0],"2":[0,0],"3":[0,0],"4":[0,0],"5":[0,0],"6":[0,0],"7":[0,0],"8":[0,0],"9":[0,0],"10":[0,0],"11":[0,0],"12":[0,0],"13":[0,0,0],"14":[0,0],"15":[0,0],"16":[0,0],"17":[0,0],"18":[0,0]}}
,"C:\\Users\\Gopal\\Downloads\\BRAND\\server\\db.js": {"path":"C:\\Users\\Gopal\\Downloads\\BRAND\\server\\db.js","statementMap":{"0":{"start":{"line":1,"column":16},"end":{"line":1,"column":34}},"1":{"start":{"line":2,"column":17},"end":{"line":2,"column":34}},"2":{"start":{"line":3,"column":13},"end":{"line":3,"column":28}},"3":{"start":{"line":5,"column":16},"end":{"line":5,"column":65}},"4":{"start":{"line":10,"column":2},"end":{"line":10,"column":67}},"5":{"start":{"line":11,"column":2},"end":{"line":25,"column":5}},"6":{"start":{"line":27,"column":2},"end":{"line":35,"column":3}},"7":{"start":{"line":28,"column":17},"end":{"line":28,"column":60}},"8":{"start":{"line":29,"column":22},"end":{"line":29,"column":57}},"9":{"start":{"line":29,"column":37},"end":{"line":29,"column":56}},"10":{"start":{"line":30,"column":4},"end":{"line":32,"column":5}},"11":{"start":{"line":31,"column":6},"end":{"line":31,"column":67}},"12":{"start":{"line":39,"column":2},"end":{"line":39,"column":49}},"13":{"start":{"line":39,"column":11},"end":{"line":39,"column":49}},"14":{"start":{"line":40,"column":2},"end":{"line":40,"column":12}},"15":{"start":{"line":43,"column":0},"end":{"line":48,"column":2}},"16":{"start":{"line":45,"column":26},"end":{"line":45,"column":54}},"17":{"start":{"line":46,"column":26},"end":{"line":46,"column":54}},"18":{"start":{"line":47,"column":26},"end":{"line":47,"column":54}}},"fnMap":{"0":{"name":"init","decl":{"start":{"line":9,"column":15},"end":{"line":9,"column":19}},"loc":{"start":{"line":9,"column":22},"end":{"line":36,"column":1}},"line":9},"1":{"name":"(anonymous_1)","decl":{"start":{"line":29,"column":32},"end":{"line":29,"column":33}},"loc":{"start":{"line":29,"column":37},"end":{"line":29,"column":56}},"line":29},"2":{"name":"getDb","decl":{"start":{"line":38,"column":9},"end":{"line":38,"column":14}},"loc":{"start":{"line":38,"column":17},"end":{"line":41,"column":1}},"line":38},"3":{"name":"(anonymous_3)","decl":{"start":{"line":45,"column":7},"end":{"line":45,"column":8}},"loc":{"start":{"line":45,"column":26},"end":{"line":45,"column":54}},"line":45},"4":{"name":"(anonymous_4)","decl":{"start":{"line":46,"column":7},"end":{"line":46,"column":8}},"loc":{"start":{"line":46,"column":26},"end":{"line":46,"column":54}},"line":46},"5":{"name":"(anonymous_5)","decl":{"start":{"line":47,"column":7},"end":{"line":47,"column":8}},"loc":{"start":{"line":47,"column":26},"end":{"line":47,"column":54}},"line":47}},"branchMap":{"0":{"loc":{"start":{"line":30,"column":4},"end":{"line":32,"column":5}},"type":"if","locations":[{"start":{"line":30,"column":4},"end":{"line":32,"column":5}},{"start":{},"end":{}}],"line":30},"1":{"loc":{"start":{"line":39,"column":2},"end":{"line":39,"column":49}},"type":"if","locations":[{"start":{"line":39,"column":2},"end":{"line":39,"column":49}},{"start":{},"end":{}}],"line":39}},"s":{"0":0,"1":0,"2":0,"3":0,"4":0,"5":0,"6":0,"7":0,"8":0,"9":0,"10":0,"11":0,"12":0,"13":0,"14":0,"15":0,"16":0,"17":0,"18":0},"f":{"0":0,"1":0,"2":0,"3":0,"4":0,"5":0},"b":{"0":[0,0],"1":[0,0]}}
,"C:\\Users\\Gopal\\Downloads\\BRAND\\server\\nlp.js": {"path":"C:\\Users\\Gopal\\Downloads\\BRAND\\server\\nlp.js","statementMap":{"0":{"start":{"line":1,"column":16},"end":{"line":1,"column":34}},"1":{"start":{"line":2,"column":18},"end":{"line":2,"column":45}},"2":{"start":{"line":5,"column":18},"end":{"line":7,"column":2}},"3":{"start":{"line":10,"column":2},"end":{"line":10,"column":23}},"4":{"start":{"line":10,"column":13},"end":{"line":10,"column":23}},"5":{"start":{"line":11,"column":17},"end":{"line":11,"column":55}},"6":{"start":{"line":12,"column":2},"end":{"line":14,"column":57}},"7":{"start":{"line":13,"column":14},"end":{"line":13,"column":41}},"8":{"start":{"line":14,"column":17},"end":{"line":14,"column":55}},"9":{"start":{"line":19,"column":17},"end":{"line":19,"column":38}},"10":{"start":{"line":20,"column":15},"end":{"line":20,"column":34}},"11":{"start":{"line":21,"column":2},"end":{"line":21,"column":55}},"12":{"start":{"line":21,"column":26},"end":{"line":21,"column":55}},"13":{"start":{"line":22,"column":18},"end":{"line":22,"column":65}},"14":{"start":{"line":22,"column":53},"end":{"line":22,"column":64}},"15":{"start":{"line":23,"column":2},"end":{"line":23,"column":47}},"16":{"start":{"line":23,"column":41},"end":{"line":23,"column":45}},"17":{"start":{"line":26,"column":0},"end":{"line":26,"column":52}}},"fnMap":{"0":{"name":"normalizeTokens","decl":{"start":{"line":9,"column":9},"end":{"line":9,"column":24}},"loc":{"start":{"line":9,"column":31},"end":{"line":15,"column":1}},"line":9},"1":{"name":"(anonymous_1)","decl":{"start":{"line":13,"column":9},"end":{"line":13,"column":10}},"loc":{"start":{"line":13,"column":14},"end":{"line":13,"column":41}},"line":13},"2":{"name":"(anonymous_2)","decl":{"start":{"line":14,"column":12},"end":{"line":14,"column":13}},"loc":{"start":{"line":14,"column":17},"end":{"line":14,"column":55}},"line":14},"3":{"name":"extractTopics","decl":{"start":{"line":18,"column":9},"end":{"line":18,"column":22}},"loc":{"start":{"line":18,"column":39},"end":{"line":24,"column":1}},"line":18},"4":{"name":"(anonymous_4)","decl":{"start":{"line":22,"column":44},"end":{"line":22,"column":45}},"loc":{"start":{"line":22,"column":53},"end":{"line":22,"column":64}},"line":22},"5":{"name":"(anonymous_5)","decl":{"start":{"line":23,"column":36},"end":{"line":23,"column":37}},"loc":{"start":{"line":23,"column":41},"end":{"line":23,"column":45}},"line":23}},"branchMap":{"0":{"loc":{"start":{"line":10,"column":2},"end":{"line":10,"column":23}},"type":"if","locations":[{"start":{"line":10,"column":2},"end":{"line":10,"column":23}},{"start":{},"end":{}}],"line":10},"1":{"loc":{"start":{"line":14,"column":17},"end":{"line":14,"column":55}},"type":"binary-expr","locations":[{"start":{"line":14,"column":17},"end":{"line":14,"column":18}},{"start":{"line":14,"column":22},"end":{"line":14,"column":34}},{"start":{"line":14,"column":38},"end":{"line":14,"column":55}}],"line":14},"2":{"loc":{"start":{"line":18,"column":29},"end":{"line":18,"column":37}},"type":"default-arg","locations":[{"start":{"line":18,"column":36},"end":{"line":18,"column":37}}],"line":18},"3":{"loc":{"start":{"line":21,"column":37},"end":{"line":21,"column":49}},"type":"binary-expr","locations":[{"start":{"line":21,"column":37},"end":{"line":21,"column":44}},{"start":{"line":21,"column":48},"end":{"line":21,"column":49}}],"line":21}},"s":{"0":1,"1":1,"2":1,"3":8,"4":3,"5":5,"6":5,"7":32,"8":32,"9":4,"10":4,"11":4,"12":14,"13":4,"14":8,"15":4,"16":7,"17":1},"f":{"0":8,"1":32,"2":32,"3":4,"4":8,"5":7},"b":{"0":[3,5],"1":[32,32,26],"2":[1],"3":[14,11]},"_coverageSchema":"1a1c01bbd47fc00a2c39e90264f33305004495a9","hash":"fcbdcaae1c6377b8b64a03db132a760f40752fa2"}
,"C:\\Users\\Gopal\\Downloads\\BRAND\\server\\spikeDetector.js": {"path":"C:\\Users\\Gopal\\Downloads\\BRAND\\server\\spikeDetector.js","statementMap":{"0":{"start":{"line":1,"column":21},"end":{"line":1,"column":38}},"1":{"start":{"line":5,"column":4},"end":{"line":5,"column":12}},"2":{"start":{"line":6,"column":4},"end":{"line":6,"column":50}},"3":{"start":{"line":7,"column":4},"end":{"line":7,"column":55}},"4":{"start":{"line":8,"column":4},"end":{"line":8,"column":29}},"5":{"start":{"line":9,"column":4},"end":{"line":9,"column":49}},"6":{"start":{"line":10,"column":4},"end":{"line":10,"column":43}},"7":{"start":{"line":11,"column":4},"end":{"line":11,"column":39}},"8":{"start":{"line":14,"column":4},"end":{"line":14,"column":70}},"9":{"start":{"line":14,"column":24},"end":{"line":14,"column":39}},"10":{"start":{"line":18,"column":4},"end":{"line":18,"column":54}},"11":{"start":{"line":22,"column":16},"end":{"line":22,"column":42}},"12":{"start":{"line":23,"column":4},"end":{"line":23,"column":40}},"13":{"start":{"line":23,"column":33},"end":{"line":23,"column":40}},"14":{"start":{"line":24,"column":4},"end":{"line":24,"column":26}},"15":{"start":{"line":26,"column":4},"end":{"line":31,"column":5}},"16":{"start":{"line":28,"column":6},"end":{"line":28,"column":90}},"17":{"start":{"line":28,"column":43},"end":{"line":28,"column":90}},"18":{"start":{"line":30,"column":6},"end":{"line":30,"column":58}},"19":{"start":{"line":30,"column":25},"end":{"line":30,"column":32}},"20":{"start":{"line":30,"column":35},"end":{"line":30,"column":58}},"21":{"start":{"line":35,"column":16},"end":{"line":35,"column":42}},"22":{"start":{"line":36,"column":21},"end":{"line":36,"column":24}},"23":{"start":{"line":37,"column":4},"end":{"line":37,"column":58}},"24":{"start":{"line":37,"column":32},"end":{"line":37,"column":58}},"25":{"start":{"line":38,"column":16},"end":{"line":38,"column":37}},"26":{"start":{"line":40,"column":4},"end":{"line":44,"column":5}},"27":{"start":{"line":42,"column":6},"end":{"line":42,"column":18}},"28":{"start":{"line":43,"column":6},"end":{"line":43,"column":21}},"29":{"start":{"line":45,"column":4},"end":{"line":45,"column":57}},"30":{"start":{"line":48,"column":16},"end":{"line":48,"column":26}},"31":{"start":{"line":49,"column":4},"end":{"line":49,"column":24}},"32":{"start":{"line":49,"column":17},"end":{"line":49,"column":24}},"33":{"start":{"line":50,"column":17},"end":{"line":50,"column":29}},"34":{"start":{"line":51,"column":17},"end":{"line":51,"column":38}},"35":{"start":{"line":52,"column":16},"end":{"line":52,"column":55}},"36":{"start":{"line":52,"column":35},"end":{"line":52,"column":38}},"37":{"start":{"line":53,"column":4},"end":{"line":55,"column":5}},"38":{"start":{"line":54,"column":6},"end":{"line":54,"column":68}},"39":{"start":{"line":59,"column":0},"end":{"line":59,"column":31}}},"fnMap":{"0":{"name":"(anonymous_0)","decl":{"start":{"line":4,"column":2},"end":{"line":4,"column":3}},"loc":{"start":{"line":4,"column":24},"end":{"line":15,"column":3}},"line":4},"1":{"name":"(anonymous_1)","decl":{"start":{"line":14,"column":16},"end":{"line":14,"column":17}},"loc":{"start":{"line":14,"column":22},"end":{"line":14,"column":41}},"line":14},"2":{"name":"(anonymous_2)","decl":{"start":{"line":17,"column":2},"end":{"line":17,"column":3}},"loc":{"start":{"line":17,"column":23},"end":{"line":19,"column":3}},"line":17},"3":{"name":"(anonymous_3)","decl":{"start":{"line":21,"column":2},"end":{"line":21,"column":3}},"loc":{"start":{"line":21,"column":11},"end":{"line":32,"column":3}},"line":21},"4":{"name":"(anonymous_4)","decl":{"start":{"line":30,"column":20},"end":{"line":30,"column":21}},"loc":{"start":{"line":30,"column":25},"end":{"line":30,"column":32}},"line":30},"5":{"name":"(anonymous_5)","decl":{"start":{"line":34,"column":2},"end":{"line":34,"column":3}},"loc":{"start":{"line":34,"column":10},"end":{"line":56,"column":3}},"line":34},"6":{"name":"(anonymous_6)","decl":{"start":{"line":52,"column":28},"end":{"line":52,"column":29}},"loc":{"start":{"line":52,"column":35},"end":{"line":52,"column":38}},"line":52}},"branchMap":{"0":{"loc":{"start":{"line":4,"column":14},"end":{"line":4,"column":23}},"type":"default-arg","locations":[{"start":{"line":4,"column":21},"end":{"line":4,"column":23}}],"line":4},"1":{"loc":{"start":{"line":6,"column":25},"end":{"line":6,"column":49}},"type":"binary-expr","locations":[{"start":{"line":6,"column":25},"end":{"line":6,"column":43}},{"start":{"line":6,"column":47},"end":{"line":6,"column":49}}],"line":6},"2":{"loc":{"start":{"line":7,"column":24},"end":{"line":7,"column":54}},"type":"binary-expr","locations":[{"start":{"line":7,"column":24},"end":{"line":7,"column":41}},{"start":{"line":7,"column":45},"end":{"line":7,"column":54}}],"line":7},"3":{"loc":{"start":{"line":10,"column":22},"end":{"line":10,"column":42}},"type":"binary-expr","locations":[{"start":{"line":10,"column":22},"end":{"line":10,"column":37}},{"start":{"line":10,"column":41},"end":{"line":10,"column":42}}],"line":10},"4":{"loc":{"start":{"line":11,"column":20},"end":{"line":11,"column":38}},"type":"binary-expr","locations":[{"start":{"line":11,"column":20},"end":{"line":11,"column":33}},{"start":{"line":11,"column":37},"end":{"line":11,"column":38}}],"line":11},"5":{"loc":{"start":{"line":23,"column":4},"end":{"line":23,"column":40}},"type":"if","locations":[{"start":{"line":23,"column":4},"end":{"line":23,"column":40}},{"start":{},"end":{}}],"line":23},"6":{"loc":{"start":{"line":28,"column":6},"end":{"line":28,"column":90}},"type":"if","locations":[{"start":{"line":28,"column":6},"end":{"line":28,"column":90}},{"start":{},"end":{}}],"line":28},"7":{"loc":{"start":{"line":30,"column":6},"end":{"line":30,"column":58}},"type":"if","locations":[{"start":{"line":30,"column":6},"end":{"line":30,"column":58}},{"start":{},"end":{}}],"line":30},"8":{"loc":{"start":{"line":37,"column":4},"end":{"line":37,"column":58}},"type":"if","locations":[{"start":{"line":37,"column":4},"end":{"line":37,"column":58}},{"start":{},"end":{}}],"line":37},"9":{"loc":{"start":{"line":40,"column":4},"end":{"line":44,"column":5}},"type":"if","locations":[{"start":{"line":40,"column":4},"end":{"line":44,"column":5}},{"start":{},"end":{}}],"line":40},"10":{"loc":{"start":{"line":45,"column":27},"end":{"line":45,"column":51}},"type":"binary-expr","locations":[{"start":{"line":45,"column":27},"end":{"line":45,"column":46}},{"start":{"line":45,"column":50},"end":{"line":45,"column":51}}],"line":45},"11":{"loc":{"start":{"line":49,"column":4},"end":{"line":49,"column":24}},"type":"if","locations":[{"start":{"line":49,"column":4},"end":{"line":49,"column":24}},{"start":{},"end":{}}],"line":49},"12":{"loc":{"start":{"line":53,"column":4},"end":{"line":55,"column":5}},"type":"if","locations":[{"start":{"line":53,"column":4},"end":{"line":55,"column":5}},{"start":{},"end":{}}],"line":53},"13":{"loc":{"start":{"line":53,"column":8},"end":{"line":53,"column":72}},"type":"binary-expr","locations":[{"start":{"line":53,"column":8},"end":{"line":53,"column":29}},{"start":{"line":53,"column":33},"end":{"line":53,"column":40}},{"start":{"line":53,"column":44},"end":{"line":53,"column":72}}],"line":53}},"s":{"0":1,"1":5,"2":5,"3":5,"4":5,"5":5,"6":5,"7":5,"8":5,"9":0,"10":18,"11":0,"12":0,"13":0,"14":0,"15":0,"16":0,"17":0,"18":0,"19":0,"20":0,"21":13,"22":13,"23":13,"24":3,"25":13,"26":13,"27":3,"28":3,"29":13,"30":13,"31":13,"32":13,"33":0,"34":0,"35":0,"36":0,"37":0,"38":0,"39":1},"f":{"0":5,"1":0,"2":18,"3":0,"4":0,"5":13,"6":0},"b":{"0":[3],"1":[5,3],"2":[5,5],"3":[5,3],"4":[5,3],"5":[0,0],"6":[0,0],"7":[0,0],"8":[3,10],"9":[3,10],"10":[13,3],"11":[13,0],"12":[0,0],"13":[0,0,0]},"_coverageSchema":"1a1c01bbd47fc00a2c39e90264f33305004495a9","hash":"a3b47b9dfe191f2a6af601e7ed64535426529dee"}
}
